<?xml version="1.0" encoding="UTF-8"?>
<!-- Generated by org.testng.reporters.JUnitXMLReporter -->
<testsuite ignored="0" hostname="DESKTOP-TGRDIAA" failures="0" tests="5" name="Default test" time="25.206" errors="0" timestamp="2024-08-18T11:35:46 IST">
  <testcase classname="test1.test1Class" name="AmityLogo" time="0.131"/>
  <testcase classname="test1.test1Class" name="ProgramButton" time="0.185"/>
  <testcase classname="test1.test1Class" name="CareerServices" time="3.348"/>
  <testcase classname="test1.test1Class" name="AdvantagesButton" time="0.792"/>
  <testcase classname="test1.test1Class" name="SearchButton" time="0.078"/>
</testsuite> <!-- Default test -->
