<?xml version="1.0" encoding="UTF-8"?>
<!-- Generated by org.testng.reporters.JUnitXMLReporter -->
<testsuite ignored="0" hostname="DESKTOP-TGRDIAA" failures="0" tests="5" name="Default test" time="17.054" errors="0" timestamp="2024-08-26T15:58:16 IST">
  <testcase classname="test1.test1Class" name="AmityLogo" time="0.07"/>
  <testcase classname="test1.test1Class" name="ProgramButton" time="0.081"/>
  <testcase classname="test1.test1Class" name="CareerServices" time="2.723"/>
  <testcase classname="test1.test1Class" name="AdvantagesButton" time="0.717"/>
  <testcase classname="test1.test1Class" name="SearchButton" time="0.205"/>
</testsuite> <!-- Default test -->
