<?xml version="1.0" encoding="UTF-8"?>
<testng-results ignored="0" total="5" passed="5" failed="0" skipped="0">
  <reporter-output>
  </reporter-output>
  <suite started-at="2024-08-18T11:35:20 IST" name="Default suite" finished-at="2024-08-18T11:35:46 IST" duration-ms="25206">
    <groups>
    </groups>
    <test started-at="2024-08-18T11:35:20 IST" name="Default test" finished-at="2024-08-18T11:35:46 IST" duration-ms="25206">
      <class name="test1.test1Class">
        <test-method is-config="true" signature="LaunchBrowser()[pri:0, instance:test1.test1Class@45d84a20]" started-at="2024-08-18T11:35:20 IST" name="LaunchBrowser" finished-at="2024-08-18T11:35:26 IST" duration-ms="5081" status="PASS">
          <reporter-output>
          </reporter-output>
        </test-method> <!-- LaunchBrowser -->
        <test-method signature="AmityLogo()[pri:1, instance:test1.test1Class@45d84a20]" started-at="2024-08-18T11:35:26 IST" name="AmityLogo" finished-at="2024-08-18T11:35:26 IST" duration-ms="131" status="PASS">
          <reporter-output>
          </reporter-output>
        </test-method> <!-- AmityLogo -->
        <test-method is-config="true" signature="CloseBrowser()[pri:0, instance:test1.test1Class@45d84a20]" started-at="2024-08-18T11:35:26 IST" name="CloseBrowser" finished-at="2024-08-18T11:35:26 IST" duration-ms="272" status="PASS">
          <reporter-output>
          </reporter-output>
        </test-method> <!-- CloseBrowser -->
        <test-method is-config="true" signature="LaunchBrowser()[pri:0, instance:test1.test1Class@45d84a20]" started-at="2024-08-18T11:35:26 IST" name="LaunchBrowser" finished-at="2024-08-18T11:35:29 IST" duration-ms="3400" status="PASS">
          <reporter-output>
          </reporter-output>
        </test-method> <!-- LaunchBrowser -->
        <test-method signature="ProgramButton()[pri:2, instance:test1.test1Class@45d84a20]" started-at="2024-08-18T11:35:29 IST" name="ProgramButton" finished-at="2024-08-18T11:35:30 IST" duration-ms="185" status="PASS">
          <reporter-output>
          </reporter-output>
        </test-method> <!-- ProgramButton -->
        <test-method is-config="true" signature="CloseBrowser()[pri:0, instance:test1.test1Class@45d84a20]" started-at="2024-08-18T11:35:30 IST" name="CloseBrowser" finished-at="2024-08-18T11:35:30 IST" duration-ms="280" status="PASS">
          <reporter-output>
          </reporter-output>
        </test-method> <!-- CloseBrowser -->
        <test-method is-config="true" signature="LaunchBrowser()[pri:0, instance:test1.test1Class@45d84a20]" started-at="2024-08-18T11:35:30 IST" name="LaunchBrowser" finished-at="2024-08-18T11:35:33 IST" duration-ms="3269" status="PASS">
          <reporter-output>
          </reporter-output>
        </test-method> <!-- LaunchBrowser -->
        <test-method signature="CareerServices()[pri:3, instance:test1.test1Class@45d84a20]" started-at="2024-08-18T11:35:33 IST" name="CareerServices" finished-at="2024-08-18T11:35:36 IST" duration-ms="3348" status="PASS">
          <reporter-output>
          </reporter-output>
        </test-method> <!-- CareerServices -->
        <test-method is-config="true" signature="CloseBrowser()[pri:0, instance:test1.test1Class@45d84a20]" started-at="2024-08-18T11:35:36 IST" name="CloseBrowser" finished-at="2024-08-18T11:35:37 IST" duration-ms="443" status="PASS">
          <reporter-output>
          </reporter-output>
        </test-method> <!-- CloseBrowser -->
        <test-method is-config="true" signature="LaunchBrowser()[pri:0, instance:test1.test1Class@45d84a20]" started-at="2024-08-18T11:35:37 IST" name="LaunchBrowser" finished-at="2024-08-18T11:35:41 IST" duration-ms="3705" status="PASS">
          <reporter-output>
          </reporter-output>
        </test-method> <!-- LaunchBrowser -->
        <test-method signature="AdvantagesButton()[pri:4, instance:test1.test1Class@45d84a20]" started-at="2024-08-18T11:35:41 IST" name="AdvantagesButton" finished-at="2024-08-18T11:35:41 IST" duration-ms="792" status="PASS">
          <reporter-output>
          </reporter-output>
        </test-method> <!-- AdvantagesButton -->
        <test-method is-config="true" signature="CloseBrowser()[pri:0, instance:test1.test1Class@45d84a20]" started-at="2024-08-18T11:35:41 IST" name="CloseBrowser" finished-at="2024-08-18T11:35:42 IST" duration-ms="573" status="PASS">
          <reporter-output>
          </reporter-output>
        </test-method> <!-- CloseBrowser -->
        <test-method is-config="true" signature="LaunchBrowser()[pri:0, instance:test1.test1Class@45d84a20]" started-at="2024-08-18T11:35:42 IST" name="LaunchBrowser" finished-at="2024-08-18T11:35:45 IST" duration-ms="3318" status="PASS">
          <reporter-output>
          </reporter-output>
        </test-method> <!-- LaunchBrowser -->
        <test-method signature="SearchButton()[pri:5, instance:test1.test1Class@45d84a20]" started-at="2024-08-18T11:35:45 IST" name="SearchButton" finished-at="2024-08-18T11:35:45 IST" duration-ms="78" status="PASS">
          <reporter-output>
          </reporter-output>
        </test-method> <!-- SearchButton -->
        <test-method is-config="true" signature="CloseBrowser()[pri:0, instance:test1.test1Class@45d84a20]" started-at="2024-08-18T11:35:45 IST" name="CloseBrowser" finished-at="2024-08-18T11:35:46 IST" duration-ms="249" status="PASS">
          <reporter-output>
          </reporter-output>
        </test-method> <!-- CloseBrowser -->
      </class> <!-- test1.test1Class -->
    </test> <!-- Default test -->
  </suite> <!-- Default suite -->
</testng-results>
